<?xml version="1.0" encoding="UTF-8"?>
<!-- Generated by org.testng.reporters.JUnitXMLReporter -->
<testsuite ignored="0" hostname="5CG1367HXX" failures="0" tests="15" name="Default test" time="225.948" errors="0" timestamp="2024-02-14T13:00:16 IST">
  <testcase classname="EPOSMobileTestFramework.MobileTestFramework.PairingTestCases" name="TES_31947" time="35.609"/>
  <testcase classname="EPOSMobileTestFramework.MobileTestFramework.PairingTestCases" name="TES_31953" time="19.132"/>
  <testcase classname="EPOSMobileTestFramework.MobileTestFramework.PairingTestCases" name="TES_31970" time="54.732"/>
  <testcase classname="EPOSMobileTestFramework.MobileTestFramework.PairingTestCases" name="TES_31967" time="27.252"/>
  <testcase classname="EPOSMobileTestFramework.MobileTestFramework.PairingTestCases" name="TES_33070" time="5.316"/>
  <testcase classname="EPOSMobileTestFramework.MobileTestFramework.PairingTestCases" name="TES_33080" time="5.17"/>
  <testcase classname="EPOSMobileTestFramework.MobileTestFramework.PairingTestCases" name="TES_33079" time="5.228"/>
  <testcase classname="EPOSMobileTestFramework.MobileTestFramework.PairingTestCases" name="TES_33071" time="9.362"/>
  <testcase classname="EPOSMobileTestFramework.MobileTestFramework.PairingTestCases" name="TES_33069" time="14.151"/>
  <testcase classname="EPOSMobileTestFramework.MobileTestFramework.PairingTestCases" name="TES_33072" time="6.367"/>
  <testcase classname="EPOSMobileTestFramework.MobileTestFramework.PairingTestCases" name="TES_33075" time="5.313"/>
  <testcase classname="EPOSMobileTestFramework.MobileTestFramework.PairingTestCases" name="TES_33074" time="5.31"/>
  <testcase classname="EPOSMobileTestFramework.MobileTestFramework.PairingTestCases" name="TES_33073" time="5.427"/>
  <testcase classname="EPOSMobileTestFramework.MobileTestFramework.PairingTestCases" name="TES_33077" time="5.233"/>
  <testcase classname="EPOSMobileTestFramework.MobileTestFramework.PairingTestCases" name="TES_33076" time="19.19"/>
</testsuite> <!-- Default test -->
