<?xml version="1.0" encoding="UTF-8"?>
<!-- Generated by org.testng.reporters.JUnitXMLReporter -->
<testsuite ignored="0" hostname="5CG1367HXX" failures="0" tests="15" name="Test" time="219.331" errors="0" timestamp="2024-02-15T16:29:23 IST">
  <testcase classname="EPOSMobileTestFramework.MobileTestFramework.PairingTestCases" name="TES_31947" time="33.068"/>
  <testcase classname="EPOSMobileTestFramework.MobileTestFramework.PairingTestCases" name="TES_31953" time="18.304"/>
  <testcase classname="EPOSMobileTestFramework.MobileTestFramework.PairingTestCases" name="TES_31970" time="54.855"/>
  <testcase classname="EPOSMobileTestFramework.MobileTestFramework.PairingTestCases" name="TES_31967" time="25.265"/>
  <testcase classname="EPOSMobileTestFramework.MobileTestFramework.PairingTestCases" name="TES_33070" time="5.235"/>
  <testcase classname="EPOSMobileTestFramework.MobileTestFramework.PairingTestCases" name="TES_33080" time="5.203"/>
  <testcase classname="EPOSMobileTestFramework.MobileTestFramework.PairingTestCases" name="TES_33079" time="5.206"/>
  <testcase classname="EPOSMobileTestFramework.MobileTestFramework.PairingTestCases" name="TES_33071" time="9.573"/>
  <testcase classname="EPOSMobileTestFramework.MobileTestFramework.PairingTestCases" name="TES_33069" time="13.682"/>
  <testcase classname="EPOSMobileTestFramework.MobileTestFramework.PairingTestCases" name="TES_33072" time="6.405"/>
  <testcase classname="EPOSMobileTestFramework.MobileTestFramework.PairingTestCases" name="TES_33075" time="5.457"/>
  <testcase classname="EPOSMobileTestFramework.MobileTestFramework.PairingTestCases" name="TES_33074" time="5.48"/>
  <testcase classname="EPOSMobileTestFramework.MobileTestFramework.PairingTestCases" name="TES_33073" time="5.683"/>
  <testcase classname="EPOSMobileTestFramework.MobileTestFramework.PairingTestCases" name="TES_33077" time="5.343"/>
  <testcase classname="EPOSMobileTestFramework.MobileTestFramework.PairingTestCases" name="TES_33076" time="17.439"/>
</testsuite> <!-- Test -->
