<?xml version="1.0" encoding="UTF-8"?>
<!-- Generated by org.testng.reporters.JUnitXMLReporter -->
<testsuite ignored="0" hostname="5CG1367HXX" failures="0" tests="15" name="Test" time="226.397" errors="0" timestamp="2024-02-14T16:55:34 IST">
  <testcase classname="EPOSMobileTestFramework.MobileTestFramework.PairingTestCases" name="TES_31947" time="37.611"/>
  <testcase classname="EPOSMobileTestFramework.MobileTestFramework.PairingTestCases" name="TES_31953" time="18.129"/>
  <testcase classname="EPOSMobileTestFramework.MobileTestFramework.PairingTestCases" name="TES_31970" time="54.977"/>
  <testcase classname="EPOSMobileTestFramework.MobileTestFramework.PairingTestCases" name="TES_31967" time="26.936"/>
  <testcase classname="EPOSMobileTestFramework.MobileTestFramework.PairingTestCases" name="TES_33070" time="5.612"/>
  <testcase classname="EPOSMobileTestFramework.MobileTestFramework.PairingTestCases" name="TES_33080" time="5.15"/>
  <testcase classname="EPOSMobileTestFramework.MobileTestFramework.PairingTestCases" name="TES_33079" time="5.268"/>
  <testcase classname="EPOSMobileTestFramework.MobileTestFramework.PairingTestCases" name="TES_33071" time="9.887"/>
  <testcase classname="EPOSMobileTestFramework.MobileTestFramework.PairingTestCases" name="TES_33069" time="13.496"/>
  <testcase classname="EPOSMobileTestFramework.MobileTestFramework.PairingTestCases" name="TES_33072" time="6.376"/>
  <testcase classname="EPOSMobileTestFramework.MobileTestFramework.PairingTestCases" name="TES_33075" time="5.613"/>
  <testcase classname="EPOSMobileTestFramework.MobileTestFramework.PairingTestCases" name="TES_33074" time="5.363"/>
  <testcase classname="EPOSMobileTestFramework.MobileTestFramework.PairingTestCases" name="TES_33073" time="5.522"/>
  <testcase classname="EPOSMobileTestFramework.MobileTestFramework.PairingTestCases" name="TES_33077" time="5.24"/>
  <testcase classname="EPOSMobileTestFramework.MobileTestFramework.PairingTestCases" name="TES_33076" time="18.161"/>
</testsuite> <!-- Test -->
